<?xml version="1.0" encoding="UTF-8"?>
<testsuite xmlns:xsi="http://www.w3.org/2001/XMLSchema-instance" xsi:noNamespaceSchemaLocation="https://maven.apache.org/surefire/maven-surefire-plugin/xsd/surefire-test-report-3.0.xsd" version="3.0" name="com.publicis.recipes.repository.RecipeRepositoryTest" time="11.109" tests="11" errors="0" skipped="0" failures="0">
  <properties>
[...]
</properties>
  <testcase name="findById_NonExistingId_ReturnsEmpty" classname="com.publicis.recipes.repository.RecipeRepositoryTest" time="0.397">
    <system-out><![CDATA[21:26:46.556 [main] INFO org.springframework.test.context.support.AnnotationConfigContextLoaderUtils -- Could not detect default configuration classes for test class [com.publicis.recipes.repository.RecipeRepositoryTest]: RecipeRepositoryTest does not declare any static, non-private, non-final, nested classes annotated with @Configuration.
21:26:46.960 [main] INFO org.springframework.boot.test.context.SpringBootTestContextBootstrapper -- Found @SpringBootConfiguration com.publicis.recipes.RecipeApplication for test class com.publicis.recipes.repository.RecipeRepositoryTest

  .   ____          _            __ _ _
 /\\ / ___'_ __ _ _(_)_ __  __ _ \ \ \ \
( ( )\___ | '_ | '_| | '_ \/ _` | \ \ \ \
 \\/  ___)| |_)| | | | | || (_| |  ) ) ) )
  '  |____| .__|_| |_|_| |_\__, | / / / /
 =========|_|==============|___/=/_/_/_/
 :: Spring Boot ::                (v3.2.0)

2025-08-17 21:26:48 [main] INFO  [] c.p.r.r.RecipeRepositoryTest - Starting RecipeRepositoryTest using Java 17.0.12 with PID 11596 (started by BoiriGourav-LFI in C:\Users\BoiriGourav-LFI\Downloads\publicis\backend)
2025-08-17 21:26:48 [main] DEBUG [] c.p.r.r.RecipeRepositoryTest - Running with Spring Boot v3.2.0, Spring v6.1.1
2025-08-17 21:26:48 [main] INFO  [] c.p.r.r.RecipeRepositoryTest - No active profile set, falling back to 1 default profile: "default"
2025-08-17 21:26:49 [main] INFO  [] o.s.d.r.c.RepositoryConfigurationDelegate - Bootstrapping Spring Data JPA repositories in DEFAULT mode.
2025-08-17 21:26:49 [main] INFO  [] o.s.d.r.c.RepositoryConfigurationDelegate - Finished Spring Data repository scanning in 133 ms. Found 1 JPA repository interface.
2025-08-17 21:26:49 [main] INFO  [] o.s.b.t.a.j.TestDatabaseAutoConfiguration$EmbeddedDataSourceBeanFactoryPostProcessor - Replacing 'dataSource' DataSource bean with embedded version
2025-08-17 21:26:49 [main] INFO  [] o.s.j.d.e.EmbeddedDatabaseFactory - Starting embedded database: url='jdbc:h2:mem:767679d8-a821-456a-88ce-54bbfab1f5e8;DB_CLOSE_DELAY=-1;DB_CLOSE_ON_EXIT=false', username='sa'
2025-08-17 21:26:50 [main] INFO  [] o.h.jpa.internal.util.LogHelper - HHH000204: Processing PersistenceUnitInfo [name: default]
2025-08-17 21:26:51 [main] INFO  [] org.hibernate.Version - HHH000412: Hibernate ORM core version 6.3.1.Final
2025-08-17 21:26:51 [main] INFO  [] o.h.c.i.RegionFactoryInitiator - HHH000026: Second-level cache disabled
2025-08-17 21:26:51 [main] INFO  [] o.s.o.j.p.SpringPersistenceUnitInfo - No LoadTimeWeaver setup: ignoring JPA class transformer
2025-08-17 21:26:53 [main] INFO  [] o.h.e.t.j.p.i.JtaPlatformInitiator - HHH000489: No JTA platform available (set 'hibernate.transaction.jta.platform' to enable JTA platform integration)
Hibernate: 
    drop table if exists recipe_ingredients cascade 
Hibernate: 
    drop table if exists recipe_instructions cascade 
Hibernate: 
    drop table if exists recipe_tags cascade 
Hibernate: 
    drop table if exists recipes cascade 
Hibernate: 
    create table recipe_ingredients (
        recipe_id bigint not null,
        ingredient varchar(500)
    )
Hibernate: 
    create table recipe_instructions (
        step_order integer not null,
        recipe_id bigint not null,
        instruction varchar(1000),
        primary key (step_order, recipe_id)
    )
Hibernate: 
    create table recipe_tags (
        recipe_id bigint not null,
        tag varchar(50)
    )
Hibernate: 
    create table recipes (
        calories_per_serving integer,
        cook_time_minutes integer,
        prep_time_minutes integer,
        rating float(53),
        review_count integer,
        servings integer,
        created_at timestamp(6) not null,
        id bigint generated by default as identity,
        updated_at timestamp(6) not null,
        difficulty varchar(50) not null,
        cuisine varchar(100) not null,
        image varchar(500),
        name varchar(255) not null,
        primary key (id)
    )
Hibernate: 
    create index idx_recipe_name 
       on recipes (name)
Hibernate: 
    create index idx_recipe_cuisine 
       on recipes (cuisine)
Hibernate: 
    create index idx_recipe_difficulty 
       on recipes (difficulty)
Hibernate: 
    create index idx_recipe_cook_time 
       on recipes (cook_time_minutes)
Hibernate: 
    alter table if exists recipe_ingredients 
       add constraint FKcqlw8sor5ut10xsuj3jnttkc 
       foreign key (recipe_id) 
       references recipes
Hibernate: 
    alter table if exists recipe_instructions 
       add constraint FK7v3emx3mfvngvbwd10x0hx9vg 
       foreign key (recipe_id) 
       references recipes
Hibernate: 
    alter table if exists recipe_tags 
       add constraint FKoqq73b50aa11i89asflll1rp5 
       foreign key (recipe_id) 
       references recipes
2025-08-17 21:26:53 [main] INFO  [] o.s.o.j.LocalContainerEntityManagerFactoryBean - Initialized JPA EntityManagerFactory for persistence unit 'default'
2025-08-17 21:26:54 [main] INFO  [] o.s.d.j.r.query.QueryEnhancerFactory - Hibernate is in classpath; If applicable, HQL parser will be used.
2025-08-17 21:26:56 [main] INFO  [] c.p.r.r.RecipeRepositoryTest - Started RecipeRepositoryTest in 9.039 seconds (process running for 15.273)
Hibernate: 
    insert 
    into
        recipes
        (calories_per_serving, cook_time_minutes, created_at, cuisine, difficulty, image, name, prep_time_minutes, rating, review_count, servings, updated_at, id) 
    values
        (?, ?, ?, ?, ?, ?, ?, ?, ?, ?, ?, ?, default)
Hibernate: 
    insert 
    into
        recipe_ingredients
        (recipe_id, ingredient) 
    values
        (?, ?)
Hibernate: 
    insert 
    into
        recipe_ingredients
        (recipe_id, ingredient) 
    values
        (?, ?)
Hibernate: 
    insert 
    into
        recipe_ingredients
        (recipe_id, ingredient) 
    values
        (?, ?)
Hibernate: 
    insert 
    into
        recipe_ingredients
        (recipe_id, ingredient) 
    values
        (?, ?)
Hibernate: 
    insert 
    into
        recipe_instructions
        (recipe_id, step_order, instruction) 
    values
        (?, ?, ?)
Hibernate: 
    insert 
    into
        recipe_instructions
        (recipe_id, step_order, instruction) 
    values
        (?, ?, ?)
Hibernate: 
    insert 
    into
        recipe_instructions
        (recipe_id, step_order, instruction) 
    values
        (?, ?, ?)
Hibernate: 
    insert 
    into
        recipes
        (calories_per_serving, cook_time_minutes, created_at, cuisine, difficulty, image, name, prep_time_minutes, rating, review_count, servings, updated_at, id) 
    values
        (?, ?, ?, ?, ?, ?, ?, ?, ?, ?, ?, ?, default)
Hibernate: 
    insert 
    into
        recipe_ingredients
        (recipe_id, ingredient) 
    values
        (?, ?)
Hibernate: 
    insert 
    into
        recipe_ingredients
        (recipe_id, ingredient) 
    values
        (?, ?)
Hibernate: 
    insert 
    into
        recipe_ingredients
        (recipe_id, ingredient) 
    values
        (?, ?)
Hibernate: 
    insert 
    into
        recipe_ingredients
        (recipe_id, ingredient) 
    values
        (?, ?)
Hibernate: 
    insert 
    into
        recipe_instructions
        (recipe_id, step_order, instruction) 
    values
        (?, ?, ?)
Hibernate: 
    insert 
    into
        recipe_instructions
        (recipe_id, step_order, instruction) 
    values
        (?, ?, ?)
Hibernate: 
    insert 
    into
        recipe_instructions
        (recipe_id, step_order, instruction) 
    values
        (?, ?, ?)
Hibernate: 
    insert 
    into
        recipes
        (calories_per_serving, cook_time_minutes, created_at, cuisine, difficulty, image, name, prep_time_minutes, rating, review_count, servings, updated_at, id) 
    values
        (?, ?, ?, ?, ?, ?, ?, ?, ?, ?, ?, ?, default)
Hibernate: 
    insert 
    into
        recipe_ingredients
        (recipe_id, ingredient) 
    values
        (?, ?)
Hibernate: 
    insert 
    into
        recipe_ingredients
        (recipe_id, ingredient) 
    values
        (?, ?)
Hibernate: 
    insert 
    into
        recipe_ingredients
        (recipe_id, ingredient) 
    values
        (?, ?)
Hibernate: 
    insert 
    into
        recipe_ingredients
        (recipe_id, ingredient) 
    values
        (?, ?)
Hibernate: 
    insert 
    into
        recipe_instructions
        (recipe_id, step_order, instruction) 
    values
        (?, ?, ?)
Hibernate: 
    insert 
    into
        recipe_instructions
        (recipe_id, step_order, instruction) 
    values
        (?, ?, ?)
Hibernate: 
    insert 
    into
        recipe_instructions
        (recipe_id, step_order, instruction) 
    values
        (?, ?, ?)
Hibernate: 
    select
        r1_0.id,
        r1_0.calories_per_serving,
        r1_0.cook_time_minutes,
        r1_0.created_at,
        r1_0.cuisine,
        r1_0.difficulty,
        r1_0.image,
        i1_0.recipe_id,
        i1_0.step_order,
        i1_0.instruction,
        r1_0.name,
        r1_0.prep_time_minutes,
        r1_0.rating,
        r1_0.review_count,
        r1_0.servings,
        r1_0.updated_at 
    from
        recipes r1_0 
    left join
        recipe_instructions i1_0 
            on r1_0.id=i1_0.recipe_id 
    where
        r1_0.id=?
]]></system-out>
  </testcase>
  <testcase name="save_NewRecipe_PersistsSuccessfully" classname="com.publicis.recipes.repository.RecipeRepositoryTest" time="0.037">
    <system-out><![CDATA[Hibernate: 
    insert 
    into
        recipes
        (calories_per_serving, cook_time_minutes, created_at, cuisine, difficulty, image, name, prep_time_minutes, rating, review_count, servings, updated_at, id) 
    values
        (?, ?, ?, ?, ?, ?, ?, ?, ?, ?, ?, ?, default)
Hibernate: 
    insert 
    into
        recipe_ingredients
        (recipe_id, ingredient) 
    values
        (?, ?)
Hibernate: 
    insert 
    into
        recipe_ingredients
        (recipe_id, ingredient) 
    values
        (?, ?)
Hibernate: 
    insert 
    into
        recipe_ingredients
        (recipe_id, ingredient) 
    values
        (?, ?)
Hibernate: 
    insert 
    into
        recipe_ingredients
        (recipe_id, ingredient) 
    values
        (?, ?)
Hibernate: 
    insert 
    into
        recipe_instructions
        (recipe_id, step_order, instruction) 
    values
        (?, ?, ?)
Hibernate: 
    insert 
    into
        recipe_instructions
        (recipe_id, step_order, instruction) 
    values
        (?, ?, ?)
Hibernate: 
    insert 
    into
        recipe_instructions
        (recipe_id, step_order, instruction) 
    values
        (?, ?, ?)
Hibernate: 
    insert 
    into
        recipes
        (calories_per_serving, cook_time_minutes, created_at, cuisine, difficulty, image, name, prep_time_minutes, rating, review_count, servings, updated_at, id) 
    values
        (?, ?, ?, ?, ?, ?, ?, ?, ?, ?, ?, ?, default)
Hibernate: 
    insert 
    into
        recipe_ingredients
        (recipe_id, ingredient) 
    values
        (?, ?)
Hibernate: 
    insert 
    into
        recipe_ingredients
        (recipe_id, ingredient) 
    values
        (?, ?)
Hibernate: 
    insert 
    into
        recipe_ingredients
        (recipe_id, ingredient) 
    values
        (?, ?)
Hibernate: 
    insert 
    into
        recipe_ingredients
        (recipe_id, ingredient) 
    values
        (?, ?)
Hibernate: 
    insert 
    into
        recipe_instructions
        (recipe_id, step_order, instruction) 
    values
        (?, ?, ?)
Hibernate: 
    insert 
    into
        recipe_instructions
        (recipe_id, step_order, instruction) 
    values
        (?, ?, ?)
Hibernate: 
    insert 
    into
        recipe_instructions
        (recipe_id, step_order, instruction) 
    values
        (?, ?, ?)
Hibernate: 
    insert 
    into
        recipes
        (calories_per_serving, cook_time_minutes, created_at, cuisine, difficulty, image, name, prep_time_minutes, rating, review_count, servings, updated_at, id) 
    values
        (?, ?, ?, ?, ?, ?, ?, ?, ?, ?, ?, ?, default)
Hibernate: 
    insert 
    into
        recipe_ingredients
        (recipe_id, ingredient) 
    values
        (?, ?)
Hibernate: 
    insert 
    into
        recipe_ingredients
        (recipe_id, ingredient) 
    values
        (?, ?)
Hibernate: 
    insert 
    into
        recipe_ingredients
        (recipe_id, ingredient) 
    values
        (?, ?)
Hibernate: 
    insert 
    into
        recipe_ingredients
        (recipe_id, ingredient) 
    values
        (?, ?)
Hibernate: 
    insert 
    into
        recipe_instructions
        (recipe_id, step_order, instruction) 
    values
        (?, ?, ?)
Hibernate: 
    insert 
    into
        recipe_instructions
        (recipe_id, step_order, instruction) 
    values
        (?, ?, ?)
Hibernate: 
    insert 
    into
        recipe_instructions
        (recipe_id, step_order, instruction) 
    values
        (?, ?, ?)
Hibernate: 
    insert 
    into
        recipes
        (calories_per_serving, cook_time_minutes, created_at, cuisine, difficulty, image, name, prep_time_minutes, rating, review_count, servings, updated_at, id) 
    values
        (?, ?, ?, ?, ?, ?, ?, ?, ?, ?, ?, ?, default)
]]></system-out>
  </testcase>
  <testcase name="findByCuisineContainingIgnoreCase_WithNonExistingCuisine_ReturnsEmpty" classname="com.publicis.recipes.repository.RecipeRepositoryTest" time="0.158">
    <system-out><![CDATA[Hibernate: 
    insert 
    into
        recipes
        (calories_per_serving, cook_time_minutes, created_at, cuisine, difficulty, image, name, prep_time_minutes, rating, review_count, servings, updated_at, id) 
    values
        (?, ?, ?, ?, ?, ?, ?, ?, ?, ?, ?, ?, default)
Hibernate: 
    insert 
    into
        recipe_ingredients
        (recipe_id, ingredient) 
    values
        (?, ?)
Hibernate: 
    insert 
    into
        recipe_ingredients
        (recipe_id, ingredient) 
    values
        (?, ?)
Hibernate: 
    insert 
    into
        recipe_ingredients
        (recipe_id, ingredient) 
    values
        (?, ?)
Hibernate: 
    insert 
    into
        recipe_ingredients
        (recipe_id, ingredient) 
    values
        (?, ?)
Hibernate: 
    insert 
    into
        recipe_instructions
        (recipe_id, step_order, instruction) 
    values
        (?, ?, ?)
Hibernate: 
    insert 
    into
        recipe_instructions
        (recipe_id, step_order, instruction) 
    values
        (?, ?, ?)
Hibernate: 
    insert 
    into
        recipe_instructions
        (recipe_id, step_order, instruction) 
    values
        (?, ?, ?)
Hibernate: 
    insert 
    into
        recipes
        (calories_per_serving, cook_time_minutes, created_at, cuisine, difficulty, image, name, prep_time_minutes, rating, review_count, servings, updated_at, id) 
    values
        (?, ?, ?, ?, ?, ?, ?, ?, ?, ?, ?, ?, default)
Hibernate: 
    insert 
    into
        recipe_ingredients
        (recipe_id, ingredient) 
    values
        (?, ?)
Hibernate: 
    insert 
    into
        recipe_ingredients
        (recipe_id, ingredient) 
    values
        (?, ?)
Hibernate: 
    insert 
    into
        recipe_ingredients
        (recipe_id, ingredient) 
    values
        (?, ?)
Hibernate: 
    insert 
    into
        recipe_ingredients
        (recipe_id, ingredient) 
    values
        (?, ?)
Hibernate: 
    insert 
    into
        recipe_instructions
        (recipe_id, step_order, instruction) 
    values
        (?, ?, ?)
Hibernate: 
    insert 
    into
        recipe_instructions
        (recipe_id, step_order, instruction) 
    values
        (?, ?, ?)
Hibernate: 
    insert 
    into
        recipe_instructions
        (recipe_id, step_order, instruction) 
    values
        (?, ?, ?)
Hibernate: 
    insert 
    into
        recipes
        (calories_per_serving, cook_time_minutes, created_at, cuisine, difficulty, image, name, prep_time_minutes, rating, review_count, servings, updated_at, id) 
    values
        (?, ?, ?, ?, ?, ?, ?, ?, ?, ?, ?, ?, default)
Hibernate: 
    insert 
    into
        recipe_ingredients
        (recipe_id, ingredient) 
    values
        (?, ?)
Hibernate: 
    insert 
    into
        recipe_ingredients
        (recipe_id, ingredient) 
    values
        (?, ?)
Hibernate: 
    insert 
    into
        recipe_ingredients
        (recipe_id, ingredient) 
    values
        (?, ?)
Hibernate: 
    insert 
    into
        recipe_ingredients
        (recipe_id, ingredient) 
    values
        (?, ?)
Hibernate: 
    insert 
    into
        recipe_instructions
        (recipe_id, step_order, instruction) 
    values
        (?, ?, ?)
Hibernate: 
    insert 
    into
        recipe_instructions
        (recipe_id, step_order, instruction) 
    values
        (?, ?, ?)
Hibernate: 
    insert 
    into
        recipe_instructions
        (recipe_id, step_order, instruction) 
    values
        (?, ?, ?)
Hibernate: 
    select
        r1_0.id,
        r1_0.calories_per_serving,
        r1_0.cook_time_minutes,
        r1_0.created_at,
        r1_0.cuisine,
        r1_0.difficulty,
        r1_0.image,
        r1_0.name,
        r1_0.prep_time_minutes,
        r1_0.rating,
        r1_0.review_count,
        r1_0.servings,
        r1_0.updated_at 
    from
        recipes r1_0 
    where
        upper(r1_0.cuisine) like upper(?) escape '\' 
    offset
        ? rows 
    fetch
        first ? rows only
]]></system-out>
  </testcase>
  <testcase name="count_ReturnsCorrectCount" classname="com.publicis.recipes.repository.RecipeRepositoryTest" time="0.04">
    <system-out><![CDATA[Hibernate: 
    insert 
    into
        recipes
        (calories_per_serving, cook_time_minutes, created_at, cuisine, difficulty, image, name, prep_time_minutes, rating, review_count, servings, updated_at, id) 
    values
        (?, ?, ?, ?, ?, ?, ?, ?, ?, ?, ?, ?, default)
Hibernate: 
    insert 
    into
        recipe_ingredients
        (recipe_id, ingredient) 
    values
        (?, ?)
Hibernate: 
    insert 
    into
        recipe_ingredients
        (recipe_id, ingredient) 
    values
        (?, ?)
Hibernate: 
    insert 
    into
        recipe_ingredients
        (recipe_id, ingredient) 
    values
        (?, ?)
Hibernate: 
    insert 
    into
        recipe_ingredients
        (recipe_id, ingredient) 
    values
        (?, ?)
Hibernate: 
    insert 
    into
        recipe_instructions
        (recipe_id, step_order, instruction) 
    values
        (?, ?, ?)
Hibernate: 
    insert 
    into
        recipe_instructions
        (recipe_id, step_order, instruction) 
    values
        (?, ?, ?)
Hibernate: 
    insert 
    into
        recipe_instructions
        (recipe_id, step_order, instruction) 
    values
        (?, ?, ?)
Hibernate: 
    insert 
    into
        recipes
        (calories_per_serving, cook_time_minutes, created_at, cuisine, difficulty, image, name, prep_time_minutes, rating, review_count, servings, updated_at, id) 
    values
        (?, ?, ?, ?, ?, ?, ?, ?, ?, ?, ?, ?, default)
Hibernate: 
    insert 
    into
        recipe_ingredients
        (recipe_id, ingredient) 
    values
        (?, ?)
Hibernate: 
    insert 
    into
        recipe_ingredients
        (recipe_id, ingredient) 
    values
        (?, ?)
Hibernate: 
    insert 
    into
        recipe_ingredients
        (recipe_id, ingredient) 
    values
        (?, ?)
Hibernate: 
    insert 
    into
        recipe_ingredients
        (recipe_id, ingredient) 
    values
        (?, ?)
Hibernate: 
    insert 
    into
        recipe_instructions
        (recipe_id, step_order, instruction) 
    values
        (?, ?, ?)
Hibernate: 
    insert 
    into
        recipe_instructions
        (recipe_id, step_order, instruction) 
    values
        (?, ?, ?)
Hibernate: 
    insert 
    into
        recipe_instructions
        (recipe_id, step_order, instruction) 
    values
        (?, ?, ?)
Hibernate: 
    insert 
    into
        recipes
        (calories_per_serving, cook_time_minutes, created_at, cuisine, difficulty, image, name, prep_time_minutes, rating, review_count, servings, updated_at, id) 
    values
        (?, ?, ?, ?, ?, ?, ?, ?, ?, ?, ?, ?, default)
Hibernate: 
    insert 
    into
        recipe_ingredients
        (recipe_id, ingredient) 
    values
        (?, ?)
Hibernate: 
    insert 
    into
        recipe_ingredients
        (recipe_id, ingredient) 
    values
        (?, ?)
Hibernate: 
    insert 
    into
        recipe_ingredients
        (recipe_id, ingredient) 
    values
        (?, ?)
Hibernate: 
    insert 
    into
        recipe_ingredients
        (recipe_id, ingredient) 
    values
        (?, ?)
Hibernate: 
    insert 
    into
        recipe_instructions
        (recipe_id, step_order, instruction) 
    values
        (?, ?, ?)
Hibernate: 
    insert 
    into
        recipe_instructions
        (recipe_id, step_order, instruction) 
    values
        (?, ?, ?)
Hibernate: 
    insert 
    into
        recipe_instructions
        (recipe_id, step_order, instruction) 
    values
        (?, ?, ?)
Hibernate: 
    select
        count(*) 
    from
        recipes r1_0
]]></system-out>
  </testcase>
  <testcase name="findByCuisineContainingIgnoreCase_WithExistingCuisine_ReturnsRecipes" classname="com.publicis.recipes.repository.RecipeRepositoryTest" time="0.053">
    <system-out><![CDATA[Hibernate: 
    insert 
    into
        recipes
        (calories_per_serving, cook_time_minutes, created_at, cuisine, difficulty, image, name, prep_time_minutes, rating, review_count, servings, updated_at, id) 
    values
        (?, ?, ?, ?, ?, ?, ?, ?, ?, ?, ?, ?, default)
Hibernate: 
    insert 
    into
        recipe_ingredients
        (recipe_id, ingredient) 
    values
        (?, ?)
Hibernate: 
    insert 
    into
        recipe_ingredients
        (recipe_id, ingredient) 
    values
        (?, ?)
Hibernate: 
    insert 
    into
        recipe_ingredients
        (recipe_id, ingredient) 
    values
        (?, ?)
Hibernate: 
    insert 
    into
        recipe_ingredients
        (recipe_id, ingredient) 
    values
        (?, ?)
Hibernate: 
    insert 
    into
        recipe_instructions
        (recipe_id, step_order, instruction) 
    values
        (?, ?, ?)
Hibernate: 
    insert 
    into
        recipe_instructions
        (recipe_id, step_order, instruction) 
    values
        (?, ?, ?)
Hibernate: 
    insert 
    into
        recipe_instructions
        (recipe_id, step_order, instruction) 
    values
        (?, ?, ?)
Hibernate: 
    insert 
    into
        recipes
        (calories_per_serving, cook_time_minutes, created_at, cuisine, difficulty, image, name, prep_time_minutes, rating, review_count, servings, updated_at, id) 
    values
        (?, ?, ?, ?, ?, ?, ?, ?, ?, ?, ?, ?, default)
Hibernate: 
    insert 
    into
        recipe_ingredients
        (recipe_id, ingredient) 
    values
        (?, ?)
Hibernate: 
    insert 
    into
        recipe_ingredients
        (recipe_id, ingredient) 
    values
        (?, ?)
Hibernate: 
    insert 
    into
        recipe_ingredients
        (recipe_id, ingredient) 
    values
        (?, ?)
Hibernate: 
    insert 
    into
        recipe_ingredients
        (recipe_id, ingredient) 
    values
        (?, ?)
Hibernate: 
    insert 
    into
        recipe_instructions
        (recipe_id, step_order, instruction) 
    values
        (?, ?, ?)
Hibernate: 
    insert 
    into
        recipe_instructions
        (recipe_id, step_order, instruction) 
    values
        (?, ?, ?)
Hibernate: 
    insert 
    into
        recipe_instructions
        (recipe_id, step_order, instruction) 
    values
        (?, ?, ?)
Hibernate: 
    insert 
    into
        recipes
        (calories_per_serving, cook_time_minutes, created_at, cuisine, difficulty, image, name, prep_time_minutes, rating, review_count, servings, updated_at, id) 
    values
        (?, ?, ?, ?, ?, ?, ?, ?, ?, ?, ?, ?, default)
Hibernate: 
    insert 
    into
        recipe_ingredients
        (recipe_id, ingredient) 
    values
        (?, ?)
Hibernate: 
    insert 
    into
        recipe_ingredients
        (recipe_id, ingredient) 
    values
        (?, ?)
Hibernate: 
    insert 
    into
        recipe_ingredients
        (recipe_id, ingredient) 
    values
        (?, ?)
Hibernate: 
    insert 
    into
        recipe_ingredients
        (recipe_id, ingredient) 
    values
        (?, ?)
Hibernate: 
    insert 
    into
        recipe_instructions
        (recipe_id, step_order, instruction) 
    values
        (?, ?, ?)
Hibernate: 
    insert 
    into
        recipe_instructions
        (recipe_id, step_order, instruction) 
    values
        (?, ?, ?)
Hibernate: 
    insert 
    into
        recipe_instructions
        (recipe_id, step_order, instruction) 
    values
        (?, ?, ?)
Hibernate: 
    select
        r1_0.id,
        r1_0.calories_per_serving,
        r1_0.cook_time_minutes,
        r1_0.created_at,
        r1_0.cuisine,
        r1_0.difficulty,
        r1_0.image,
        r1_0.name,
        r1_0.prep_time_minutes,
        r1_0.rating,
        r1_0.review_count,
        r1_0.servings,
        r1_0.updated_at 
    from
        recipes r1_0 
    where
        upper(r1_0.cuisine) like upper(?) escape '\' 
    offset
        ? rows 
    fetch
        first ? rows only
]]></system-out>
  </testcase>
  <testcase name="findByDifficulty_ReturnsMatchingRecipes" classname="com.publicis.recipes.repository.RecipeRepositoryTest" time="0.038">
    <system-out><![CDATA[Hibernate: 
    insert 
    into
        recipes
        (calories_per_serving, cook_time_minutes, created_at, cuisine, difficulty, image, name, prep_time_minutes, rating, review_count, servings, updated_at, id) 
    values
        (?, ?, ?, ?, ?, ?, ?, ?, ?, ?, ?, ?, default)
Hibernate: 
    insert 
    into
        recipe_ingredients
        (recipe_id, ingredient) 
    values
        (?, ?)
Hibernate: 
    insert 
    into
        recipe_ingredients
        (recipe_id, ingredient) 
    values
        (?, ?)
Hibernate: 
    insert 
    into
        recipe_ingredients
        (recipe_id, ingredient) 
    values
        (?, ?)
Hibernate: 
    insert 
    into
        recipe_ingredients
        (recipe_id, ingredient) 
    values
        (?, ?)
Hibernate: 
    insert 
    into
        recipe_instructions
        (recipe_id, step_order, instruction) 
    values
        (?, ?, ?)
Hibernate: 
    insert 
    into
        recipe_instructions
        (recipe_id, step_order, instruction) 
    values
        (?, ?, ?)
Hibernate: 
    insert 
    into
        recipe_instructions
        (recipe_id, step_order, instruction) 
    values
        (?, ?, ?)
Hibernate: 
    insert 
    into
        recipes
        (calories_per_serving, cook_time_minutes, created_at, cuisine, difficulty, image, name, prep_time_minutes, rating, review_count, servings, updated_at, id) 
    values
        (?, ?, ?, ?, ?, ?, ?, ?, ?, ?, ?, ?, default)
Hibernate: 
    insert 
    into
        recipe_ingredients
        (recipe_id, ingredient) 
    values
        (?, ?)
Hibernate: 
    insert 
    into
        recipe_ingredients
        (recipe_id, ingredient) 
    values
        (?, ?)
Hibernate: 
    insert 
    into
        recipe_ingredients
        (recipe_id, ingredient) 
    values
        (?, ?)
Hibernate: 
    insert 
    into
        recipe_ingredients
        (recipe_id, ingredient) 
    values
        (?, ?)
Hibernate: 
    insert 
    into
        recipe_instructions
        (recipe_id, step_order, instruction) 
    values
        (?, ?, ?)
Hibernate: 
    insert 
    into
        recipe_instructions
        (recipe_id, step_order, instruction) 
    values
        (?, ?, ?)
Hibernate: 
    insert 
    into
        recipe_instructions
        (recipe_id, step_order, instruction) 
    values
        (?, ?, ?)
Hibernate: 
    insert 
    into
        recipes
        (calories_per_serving, cook_time_minutes, created_at, cuisine, difficulty, image, name, prep_time_minutes, rating, review_count, servings, updated_at, id) 
    values
        (?, ?, ?, ?, ?, ?, ?, ?, ?, ?, ?, ?, default)
Hibernate: 
    insert 
    into
        recipe_ingredients
        (recipe_id, ingredient) 
    values
        (?, ?)
Hibernate: 
    insert 
    into
        recipe_ingredients
        (recipe_id, ingredient) 
    values
        (?, ?)
Hibernate: 
    insert 
    into
        recipe_ingredients
        (recipe_id, ingredient) 
    values
        (?, ?)
Hibernate: 
    insert 
    into
        recipe_ingredients
        (recipe_id, ingredient) 
    values
        (?, ?)
Hibernate: 
    insert 
    into
        recipe_instructions
        (recipe_id, step_order, instruction) 
    values
        (?, ?, ?)
Hibernate: 
    insert 
    into
        recipe_instructions
        (recipe_id, step_order, instruction) 
    values
        (?, ?, ?)
Hibernate: 
    insert 
    into
        recipe_instructions
        (recipe_id, step_order, instruction) 
    values
        (?, ?, ?)
Hibernate: 
    select
        r1_0.id,
        r1_0.calories_per_serving,
        r1_0.cook_time_minutes,
        r1_0.created_at,
        r1_0.cuisine,
        r1_0.difficulty,
        r1_0.image,
        r1_0.name,
        r1_0.prep_time_minutes,
        r1_0.rating,
        r1_0.review_count,
        r1_0.servings,
        r1_0.updated_at 
    from
        recipes r1_0 
    where
        r1_0.difficulty=? 
    offset
        ? rows 
    fetch
        first ? rows only
]]></system-out>
  </testcase>
  <testcase name="findAll_WithPagination_ReturnsPagedResults" classname="com.publicis.recipes.repository.RecipeRepositoryTest" time="0.04">
    <system-out><![CDATA[Hibernate: 
    insert 
    into
        recipes
        (calories_per_serving, cook_time_minutes, created_at, cuisine, difficulty, image, name, prep_time_minutes, rating, review_count, servings, updated_at, id) 
    values
        (?, ?, ?, ?, ?, ?, ?, ?, ?, ?, ?, ?, default)
Hibernate: 
    insert 
    into
        recipe_ingredients
        (recipe_id, ingredient) 
    values
        (?, ?)
Hibernate: 
    insert 
    into
        recipe_ingredients
        (recipe_id, ingredient) 
    values
        (?, ?)
Hibernate: 
    insert 
    into
        recipe_ingredients
        (recipe_id, ingredient) 
    values
        (?, ?)
Hibernate: 
    insert 
    into
        recipe_ingredients
        (recipe_id, ingredient) 
    values
        (?, ?)
Hibernate: 
    insert 
    into
        recipe_instructions
        (recipe_id, step_order, instruction) 
    values
        (?, ?, ?)
Hibernate: 
    insert 
    into
        recipe_instructions
        (recipe_id, step_order, instruction) 
    values
        (?, ?, ?)
Hibernate: 
    insert 
    into
        recipe_instructions
        (recipe_id, step_order, instruction) 
    values
        (?, ?, ?)
Hibernate: 
    insert 
    into
        recipes
        (calories_per_serving, cook_time_minutes, created_at, cuisine, difficulty, image, name, prep_time_minutes, rating, review_count, servings, updated_at, id) 
    values
        (?, ?, ?, ?, ?, ?, ?, ?, ?, ?, ?, ?, default)
Hibernate: 
    insert 
    into
        recipe_ingredients
        (recipe_id, ingredient) 
    values
        (?, ?)
Hibernate: 
    insert 
    into
        recipe_ingredients
        (recipe_id, ingredient) 
    values
        (?, ?)
Hibernate: 
    insert 
    into
        recipe_ingredients
        (recipe_id, ingredient) 
    values
        (?, ?)
Hibernate: 
    insert 
    into
        recipe_ingredients
        (recipe_id, ingredient) 
    values
        (?, ?)
Hibernate: 
    insert 
    into
        recipe_instructions
        (recipe_id, step_order, instruction) 
    values
        (?, ?, ?)
Hibernate: 
    insert 
    into
        recipe_instructions
        (recipe_id, step_order, instruction) 
    values
        (?, ?, ?)
Hibernate: 
    insert 
    into
        recipe_instructions
        (recipe_id, step_order, instruction) 
    values
        (?, ?, ?)
Hibernate: 
    insert 
    into
        recipes
        (calories_per_serving, cook_time_minutes, created_at, cuisine, difficulty, image, name, prep_time_minutes, rating, review_count, servings, updated_at, id) 
    values
        (?, ?, ?, ?, ?, ?, ?, ?, ?, ?, ?, ?, default)
Hibernate: 
    insert 
    into
        recipe_ingredients
        (recipe_id, ingredient) 
    values
        (?, ?)
Hibernate: 
    insert 
    into
        recipe_ingredients
        (recipe_id, ingredient) 
    values
        (?, ?)
Hibernate: 
    insert 
    into
        recipe_ingredients
        (recipe_id, ingredient) 
    values
        (?, ?)
Hibernate: 
    insert 
    into
        recipe_ingredients
        (recipe_id, ingredient) 
    values
        (?, ?)
Hibernate: 
    insert 
    into
        recipe_instructions
        (recipe_id, step_order, instruction) 
    values
        (?, ?, ?)
Hibernate: 
    insert 
    into
        recipe_instructions
        (recipe_id, step_order, instruction) 
    values
        (?, ?, ?)
Hibernate: 
    insert 
    into
        recipe_instructions
        (recipe_id, step_order, instruction) 
    values
        (?, ?, ?)
Hibernate: 
    select
        r1_0.id,
        r1_0.calories_per_serving,
        r1_0.cook_time_minutes,
        r1_0.created_at,
        r1_0.cuisine,
        r1_0.difficulty,
        r1_0.image,
        r1_0.name,
        r1_0.prep_time_minutes,
        r1_0.rating,
        r1_0.review_count,
        r1_0.servings,
        r1_0.updated_at 
    from
        recipes r1_0 
    offset
        ? rows 
    fetch
        first ? rows only
Hibernate: 
    select
        count(r1_0.id) 
    from
        recipes r1_0
]]></system-out>
  </testcase>
  <testcase name="countRecipesByCuisine_ReturnsCorrectCounts" classname="com.publicis.recipes.repository.RecipeRepositoryTest" time="0.051">
    <system-out><![CDATA[Hibernate: 
    insert 
    into
        recipes
        (calories_per_serving, cook_time_minutes, created_at, cuisine, difficulty, image, name, prep_time_minutes, rating, review_count, servings, updated_at, id) 
    values
        (?, ?, ?, ?, ?, ?, ?, ?, ?, ?, ?, ?, default)
Hibernate: 
    insert 
    into
        recipe_ingredients
        (recipe_id, ingredient) 
    values
        (?, ?)
Hibernate: 
    insert 
    into
        recipe_ingredients
        (recipe_id, ingredient) 
    values
        (?, ?)
Hibernate: 
    insert 
    into
        recipe_ingredients
        (recipe_id, ingredient) 
    values
        (?, ?)
Hibernate: 
    insert 
    into
        recipe_ingredients
        (recipe_id, ingredient) 
    values
        (?, ?)
Hibernate: 
    insert 
    into
        recipe_instructions
        (recipe_id, step_order, instruction) 
    values
        (?, ?, ?)
Hibernate: 
    insert 
    into
        recipe_instructions
        (recipe_id, step_order, instruction) 
    values
        (?, ?, ?)
Hibernate: 
    insert 
    into
        recipe_instructions
        (recipe_id, step_order, instruction) 
    values
        (?, ?, ?)
Hibernate: 
    insert 
    into
        recipes
        (calories_per_serving, cook_time_minutes, created_at, cuisine, difficulty, image, name, prep_time_minutes, rating, review_count, servings, updated_at, id) 
    values
        (?, ?, ?, ?, ?, ?, ?, ?, ?, ?, ?, ?, default)
Hibernate: 
    insert 
    into
        recipe_ingredients
        (recipe_id, ingredient) 
    values
        (?, ?)
Hibernate: 
    insert 
    into
        recipe_ingredients
        (recipe_id, ingredient) 
    values
        (?, ?)
Hibernate: 
    insert 
    into
        recipe_ingredients
        (recipe_id, ingredient) 
    values
        (?, ?)
Hibernate: 
    insert 
    into
        recipe_ingredients
        (recipe_id, ingredient) 
    values
        (?, ?)
Hibernate: 
    insert 
    into
        recipe_instructions
        (recipe_id, step_order, instruction) 
    values
        (?, ?, ?)
Hibernate: 
    insert 
    into
        recipe_instructions
        (recipe_id, step_order, instruction) 
    values
        (?, ?, ?)
Hibernate: 
    insert 
    into
        recipe_instructions
        (recipe_id, step_order, instruction) 
    values
        (?, ?, ?)
Hibernate: 
    insert 
    into
        recipes
        (calories_per_serving, cook_time_minutes, created_at, cuisine, difficulty, image, name, prep_time_minutes, rating, review_count, servings, updated_at, id) 
    values
        (?, ?, ?, ?, ?, ?, ?, ?, ?, ?, ?, ?, default)
Hibernate: 
    insert 
    into
        recipe_ingredients
        (recipe_id, ingredient) 
    values
        (?, ?)
Hibernate: 
    insert 
    into
        recipe_ingredients
        (recipe_id, ingredient) 
    values
        (?, ?)
Hibernate: 
    insert 
    into
        recipe_ingredients
        (recipe_id, ingredient) 
    values
        (?, ?)
Hibernate: 
    insert 
    into
        recipe_ingredients
        (recipe_id, ingredient) 
    values
        (?, ?)
Hibernate: 
    insert 
    into
        recipe_instructions
        (recipe_id, step_order, instruction) 
    values
        (?, ?, ?)
Hibernate: 
    insert 
    into
        recipe_instructions
        (recipe_id, step_order, instruction) 
    values
        (?, ?, ?)
Hibernate: 
    insert 
    into
        recipe_instructions
        (recipe_id, step_order, instruction) 
    values
        (?, ?, ?)
Hibernate: 
    select
        r1_0.cuisine,
        count(r1_0.id) 
    from
        recipes r1_0 
    group by
        r1_0.cuisine 
    order by
        count(r1_0.id) desc
]]></system-out>
  </testcase>
  <testcase name="findById_ExistingId_ReturnsRecipe" classname="com.publicis.recipes.repository.RecipeRepositoryTest" time="0.028">
    <system-out><![CDATA[Hibernate: 
    insert 
    into
        recipes
        (calories_per_serving, cook_time_minutes, created_at, cuisine, difficulty, image, name, prep_time_minutes, rating, review_count, servings, updated_at, id) 
    values
        (?, ?, ?, ?, ?, ?, ?, ?, ?, ?, ?, ?, default)
Hibernate: 
    insert 
    into
        recipe_ingredients
        (recipe_id, ingredient) 
    values
        (?, ?)
Hibernate: 
    insert 
    into
        recipe_ingredients
        (recipe_id, ingredient) 
    values
        (?, ?)
Hibernate: 
    insert 
    into
        recipe_ingredients
        (recipe_id, ingredient) 
    values
        (?, ?)
Hibernate: 
    insert 
    into
        recipe_ingredients
        (recipe_id, ingredient) 
    values
        (?, ?)
Hibernate: 
    insert 
    into
        recipe_instructions
        (recipe_id, step_order, instruction) 
    values
        (?, ?, ?)
Hibernate: 
    insert 
    into
        recipe_instructions
        (recipe_id, step_order, instruction) 
    values
        (?, ?, ?)
Hibernate: 
    insert 
    into
        recipe_instructions
        (recipe_id, step_order, instruction) 
    values
        (?, ?, ?)
Hibernate: 
    insert 
    into
        recipes
        (calories_per_serving, cook_time_minutes, created_at, cuisine, difficulty, image, name, prep_time_minutes, rating, review_count, servings, updated_at, id) 
    values
        (?, ?, ?, ?, ?, ?, ?, ?, ?, ?, ?, ?, default)
Hibernate: 
    insert 
    into
        recipe_ingredients
        (recipe_id, ingredient) 
    values
        (?, ?)
Hibernate: 
    insert 
    into
        recipe_ingredients
        (recipe_id, ingredient) 
    values
        (?, ?)
Hibernate: 
    insert 
    into
        recipe_ingredients
        (recipe_id, ingredient) 
    values
        (?, ?)
Hibernate: 
    insert 
    into
        recipe_ingredients
        (recipe_id, ingredient) 
    values
        (?, ?)
Hibernate: 
    insert 
    into
        recipe_instructions
        (recipe_id, step_order, instruction) 
    values
        (?, ?, ?)
Hibernate: 
    insert 
    into
        recipe_instructions
        (recipe_id, step_order, instruction) 
    values
        (?, ?, ?)
Hibernate: 
    insert 
    into
        recipe_instructions
        (recipe_id, step_order, instruction) 
    values
        (?, ?, ?)
Hibernate: 
    insert 
    into
        recipes
        (calories_per_serving, cook_time_minutes, created_at, cuisine, difficulty, image, name, prep_time_minutes, rating, review_count, servings, updated_at, id) 
    values
        (?, ?, ?, ?, ?, ?, ?, ?, ?, ?, ?, ?, default)
Hibernate: 
    insert 
    into
        recipe_ingredients
        (recipe_id, ingredient) 
    values
        (?, ?)
Hibernate: 
    insert 
    into
        recipe_ingredients
        (recipe_id, ingredient) 
    values
        (?, ?)
Hibernate: 
    insert 
    into
        recipe_ingredients
        (recipe_id, ingredient) 
    values
        (?, ?)
Hibernate: 
    insert 
    into
        recipe_ingredients
        (recipe_id, ingredient) 
    values
        (?, ?)
Hibernate: 
    insert 
    into
        recipe_instructions
        (recipe_id, step_order, instruction) 
    values
        (?, ?, ?)
Hibernate: 
    insert 
    into
        recipe_instructions
        (recipe_id, step_order, instruction) 
    values
        (?, ?, ?)
Hibernate: 
    insert 
    into
        recipe_instructions
        (recipe_id, step_order, instruction) 
    values
        (?, ?, ?)
]]></system-out>
  </testcase>
  <testcase name="countRecipesByDifficulty_ReturnsCorrectCounts" classname="com.publicis.recipes.repository.RecipeRepositoryTest" time="0.033">
    <system-out><![CDATA[Hibernate: 
    insert 
    into
        recipes
        (calories_per_serving, cook_time_minutes, created_at, cuisine, difficulty, image, name, prep_time_minutes, rating, review_count, servings, updated_at, id) 
    values
        (?, ?, ?, ?, ?, ?, ?, ?, ?, ?, ?, ?, default)
Hibernate: 
    insert 
    into
        recipe_ingredients
        (recipe_id, ingredient) 
    values
        (?, ?)
Hibernate: 
    insert 
    into
        recipe_ingredients
        (recipe_id, ingredient) 
    values
        (?, ?)
Hibernate: 
    insert 
    into
        recipe_ingredients
        (recipe_id, ingredient) 
    values
        (?, ?)
Hibernate: 
    insert 
    into
        recipe_ingredients
        (recipe_id, ingredient) 
    values
        (?, ?)
Hibernate: 
    insert 
    into
        recipe_instructions
        (recipe_id, step_order, instruction) 
    values
        (?, ?, ?)
Hibernate: 
    insert 
    into
        recipe_instructions
        (recipe_id, step_order, instruction) 
    values
        (?, ?, ?)
Hibernate: 
    insert 
    into
        recipe_instructions
        (recipe_id, step_order, instruction) 
    values
        (?, ?, ?)
Hibernate: 
    insert 
    into
        recipes
        (calories_per_serving, cook_time_minutes, created_at, cuisine, difficulty, image, name, prep_time_minutes, rating, review_count, servings, updated_at, id) 
    values
        (?, ?, ?, ?, ?, ?, ?, ?, ?, ?, ?, ?, default)
Hibernate: 
    insert 
    into
        recipe_ingredients
        (recipe_id, ingredient) 
    values
        (?, ?)
Hibernate: 
    insert 
    into
        recipe_ingredients
        (recipe_id, ingredient) 
    values
        (?, ?)
Hibernate: 
    insert 
    into
        recipe_ingredients
        (recipe_id, ingredient) 
    values
        (?, ?)
Hibernate: 
    insert 
    into
        recipe_ingredients
        (recipe_id, ingredient) 
    values
        (?, ?)
Hibernate: 
    insert 
    into
        recipe_instructions
        (recipe_id, step_order, instruction) 
    values
        (?, ?, ?)
Hibernate: 
    insert 
    into
        recipe_instructions
        (recipe_id, step_order, instruction) 
    values
        (?, ?, ?)
Hibernate: 
    insert 
    into
        recipe_instructions
        (recipe_id, step_order, instruction) 
    values
        (?, ?, ?)
Hibernate: 
    insert 
    into
        recipes
        (calories_per_serving, cook_time_minutes, created_at, cuisine, difficulty, image, name, prep_time_minutes, rating, review_count, servings, updated_at, id) 
    values
        (?, ?, ?, ?, ?, ?, ?, ?, ?, ?, ?, ?, default)
Hibernate: 
    insert 
    into
        recipe_ingredients
        (recipe_id, ingredient) 
    values
        (?, ?)
Hibernate: 
    insert 
    into
        recipe_ingredients
        (recipe_id, ingredient) 
    values
        (?, ?)
Hibernate: 
    insert 
    into
        recipe_ingredients
        (recipe_id, ingredient) 
    values
        (?, ?)
Hibernate: 
    insert 
    into
        recipe_ingredients
        (recipe_id, ingredient) 
    values
        (?, ?)
Hibernate: 
    insert 
    into
        recipe_instructions
        (recipe_id, step_order, instruction) 
    values
        (?, ?, ?)
Hibernate: 
    insert 
    into
        recipe_instructions
        (recipe_id, step_order, instruction) 
    values
        (?, ?, ?)
Hibernate: 
    insert 
    into
        recipe_instructions
        (recipe_id, step_order, instruction) 
    values
        (?, ?, ?)
Hibernate: 
    select
        r1_0.difficulty,
        count(r1_0.id) 
    from
        recipes r1_0 
    group by
        r1_0.difficulty 
    order by
        count(r1_0.id) desc
]]></system-out>
  </testcase>
  <testcase name="delete_ExistingRecipe_RemovesFromDatabase" classname="com.publicis.recipes.repository.RecipeRepositoryTest" time="0.058">
    <system-out><![CDATA[Hibernate: 
    insert 
    into
        recipes
        (calories_per_serving, cook_time_minutes, created_at, cuisine, difficulty, image, name, prep_time_minutes, rating, review_count, servings, updated_at, id) 
    values
        (?, ?, ?, ?, ?, ?, ?, ?, ?, ?, ?, ?, default)
Hibernate: 
    insert 
    into
        recipe_ingredients
        (recipe_id, ingredient) 
    values
        (?, ?)
Hibernate: 
    insert 
    into
        recipe_ingredients
        (recipe_id, ingredient) 
    values
        (?, ?)
Hibernate: 
    insert 
    into
        recipe_ingredients
        (recipe_id, ingredient) 
    values
        (?, ?)
Hibernate: 
    insert 
    into
        recipe_ingredients
        (recipe_id, ingredient) 
    values
        (?, ?)
Hibernate: 
    insert 
    into
        recipe_instructions
        (recipe_id, step_order, instruction) 
    values
        (?, ?, ?)
Hibernate: 
    insert 
    into
        recipe_instructions
        (recipe_id, step_order, instruction) 
    values
        (?, ?, ?)
Hibernate: 
    insert 
    into
        recipe_instructions
        (recipe_id, step_order, instruction) 
    values
        (?, ?, ?)
Hibernate: 
    insert 
    into
        recipes
        (calories_per_serving, cook_time_minutes, created_at, cuisine, difficulty, image, name, prep_time_minutes, rating, review_count, servings, updated_at, id) 
    values
        (?, ?, ?, ?, ?, ?, ?, ?, ?, ?, ?, ?, default)
Hibernate: 
    insert 
    into
        recipe_ingredients
        (recipe_id, ingredient) 
    values
        (?, ?)
Hibernate: 
    insert 
    into
        recipe_ingredients
        (recipe_id, ingredient) 
    values
        (?, ?)
Hibernate: 
    insert 
    into
        recipe_ingredients
        (recipe_id, ingredient) 
    values
        (?, ?)
Hibernate: 
    insert 
    into
        recipe_ingredients
        (recipe_id, ingredient) 
    values
        (?, ?)
Hibernate: 
    insert 
    into
        recipe_instructions
        (recipe_id, step_order, instruction) 
    values
        (?, ?, ?)
Hibernate: 
    insert 
    into
        recipe_instructions
        (recipe_id, step_order, instruction) 
    values
        (?, ?, ?)
Hibernate: 
    insert 
    into
        recipe_instructions
        (recipe_id, step_order, instruction) 
    values
        (?, ?, ?)
Hibernate: 
    insert 
    into
        recipes
        (calories_per_serving, cook_time_minutes, created_at, cuisine, difficulty, image, name, prep_time_minutes, rating, review_count, servings, updated_at, id) 
    values
        (?, ?, ?, ?, ?, ?, ?, ?, ?, ?, ?, ?, default)
Hibernate: 
    insert 
    into
        recipe_ingredients
        (recipe_id, ingredient) 
    values
        (?, ?)
Hibernate: 
    insert 
    into
        recipe_ingredients
        (recipe_id, ingredient) 
    values
        (?, ?)
Hibernate: 
    insert 
    into
        recipe_ingredients
        (recipe_id, ingredient) 
    values
        (?, ?)
Hibernate: 
    insert 
    into
        recipe_ingredients
        (recipe_id, ingredient) 
    values
        (?, ?)
Hibernate: 
    insert 
    into
        recipe_instructions
        (recipe_id, step_order, instruction) 
    values
        (?, ?, ?)
Hibernate: 
    insert 
    into
        recipe_instructions
        (recipe_id, step_order, instruction) 
    values
        (?, ?, ?)
Hibernate: 
    insert 
    into
        recipe_instructions
        (recipe_id, step_order, instruction) 
    values
        (?, ?, ?)
Hibernate: 
    delete 
    from
        recipe_ingredients 
    where
        recipe_id=?
Hibernate: 
    delete 
    from
        recipe_instructions 
    where
        recipe_id=?
Hibernate: 
    delete 
    from
        recipes 
    where
        id=?
Hibernate: 
    select
        r1_0.id,
        r1_0.calories_per_serving,
        r1_0.cook_time_minutes,
        r1_0.created_at,
        r1_0.cuisine,
        r1_0.difficulty,
        r1_0.image,
        i1_0.recipe_id,
        i1_0.step_order,
        i1_0.instruction,
        r1_0.name,
        r1_0.prep_time_minutes,
        r1_0.rating,
        r1_0.review_count,
        r1_0.servings,
        r1_0.updated_at 
    from
        recipes r1_0 
    left join
        recipe_instructions i1_0 
            on r1_0.id=i1_0.recipe_id 
    where
        r1_0.id=?
Hibernate: 
    select
        count(*) 
    from
        recipes r1_0
]]></system-out>
  </testcase>
</testsuite>