<?xml version="1.0" encoding="UTF-8"?>
<testsuite xmlns:xsi="http://www.w3.org/2001/XMLSchema-instance" xsi:noNamespaceSchemaLocation="https://maven.apache.org/surefire/maven-surefire-plugin/xsd/surefire-test-report-3.0.xsd" version="3.0" name="com.publicis.recipes.integration.RecipeManagementIntegrationTest" time="14.025" tests="18" errors="0" skipped="0" failures="15">
  <properties>
[...]
</properties>
  <testcase name="rootEndpoint_ReturnsApiInformation" classname="com.publicis.recipes.integration.RecipeManagementIntegrationTest" time="0.739">
    <failure message="No value at JSON path &quot;$.service&quot;" type="java.lang.AssertionError"><![CDATA[java.lang.AssertionError: No value at JSON path "$.service"
	at org.springframework.test.util.JsonPathExpectationsHelper.evaluateJsonPath(JsonPathExpectationsHelper.java:302)
	at org.springframework.test.util.JsonPathExpectationsHelper.assertValue(JsonPathExpectationsHelper.java:99)
	at org.springframework.test.web.servlet.result.JsonPathResultMatchers.lambda$value$2(JsonPathResultMatchers.java:111)
	at org.springframework.test.web.servlet.MockMvc$1.andExpect(MockMvc.java:214)
	at com.publicis.recipes.integration.RecipeManagementIntegrationTest.rootEndpoint_ReturnsApiInformation(RecipeManagementIntegrationTest.java:89)
	at java.base/java.lang.reflect.Method.invoke(Method.java:568)
	at java.base/java.util.ArrayList.forEach(ArrayList.java:1511)
	at java.base/java.util.ArrayList.forEach(ArrayList.java:1511)
Caused by: com.jayway.jsonpath.PathNotFoundException: No results for path: $['service']
]]></failure>
    <system-out><![CDATA[2025-08-17 21:17:40 [main] INFO  [] o.s.t.c.s.AnnotationConfigContextLoaderUtils - Could not detect default configuration classes for test class [com.publicis.recipes.integration.RecipeManagementIntegrationTest]: RecipeManagementIntegrationTest does not declare any static, non-private, non-final, nested classes annotated with @Configuration.
2025-08-17 21:17:40 [main] INFO  [] o.s.b.t.c.SpringBootTestContextBootstrapper - Found @SpringBootConfiguration com.publicis.recipes.RecipeApplication for test class com.publicis.recipes.integration.RecipeManagementIntegrationTest

  .   ____          _            __ _ _
 /\\ / ___'_ __ _ _(_)_ __  __ _ \ \ \ \
( ( )\___ | '_ | '_| | '_ \/ _` | \ \ \ \
 \\/  ___)| |_)| | | | | || (_| |  ) ) ) )
  '  |____| .__|_| |_|_| |_\__, | / / / /
 =========|_|==============|___/=/_/_/_/
 :: Spring Boot ::                (v3.2.0)

2025-08-17 21:17:40 [main] INFO  [] c.p.r.i.RecipeManagementIntegrationTest - Starting RecipeManagementIntegrationTest using Java 17.0.12 with PID 11744 (started by BoiriGourav-LFI in C:\Users\BoiriGourav-LFI\Downloads\publicis\backend)
2025-08-17 21:17:40 [main] INFO  [] c.p.r.i.RecipeManagementIntegrationTest - The following 1 profile is active: "test"
2025-08-17 21:17:42 [main] INFO  [] o.s.d.r.c.RepositoryConfigurationDelegate - Bootstrapping Spring Data JPA repositories in DEFAULT mode.
2025-08-17 21:17:42 [main] INFO  [] o.s.d.r.c.RepositoryConfigurationDelegate - Finished Spring Data repository scanning in 84 ms. Found 1 JPA repository interface.
2025-08-17 21:17:43 [main] INFO  [] o.h.jpa.internal.util.LogHelper - HHH000204: Processing PersistenceUnitInfo [name: default]
2025-08-17 21:17:43 [main] INFO  [] org.hibernate.Version - HHH000412: Hibernate ORM core version 6.3.1.Final
2025-08-17 21:17:43 [main] INFO  [] o.h.c.i.RegionFactoryInitiator - HHH000026: Second-level cache disabled
2025-08-17 21:17:44 [main] INFO  [] o.s.o.j.p.SpringPersistenceUnitInfo - No LoadTimeWeaver setup: ignoring JPA class transformer
2025-08-17 21:17:44 [main] INFO  [] com.zaxxer.hikari.HikariDataSource - HikariPool-1 - Starting...
2025-08-17 21:17:44 [main] INFO  [] com.zaxxer.hikari.pool.HikariPool - HikariPool-1 - Added connection conn0: url=jdbc:h2:mem:testdb user=SA
2025-08-17 21:17:44 [main] INFO  [] com.zaxxer.hikari.HikariDataSource - HikariPool-1 - Start completed.
2025-08-17 21:17:46 [main] INFO  [] o.h.e.t.j.p.i.JtaPlatformInitiator - HHH000489: No JTA platform available (set 'hibernate.transaction.jta.platform' to enable JTA platform integration)
2025-08-17 21:17:47 [main] INFO  [] o.s.o.j.LocalContainerEntityManagerFactoryBean - Initialized JPA EntityManagerFactory for persistence unit 'default'
2025-08-17 21:17:47 [main] INFO  [] o.s.d.j.r.query.QueryEnhancerFactory - Hibernate is in classpath; If applicable, HQL parser will be used.
2025-08-17 21:17:50 [main] INFO  [] o.s.b.a.e.web.EndpointLinksResolver - Exposing 3 endpoint(s) beneath base path '/actuator'
2025-08-17 21:17:50 [main] WARN  [] o.s.b.a.o.j.JpaBaseConfiguration$JpaWebConfiguration - spring.jpa.open-in-view is enabled by default. Therefore, database queries may be performed during view rendering. Explicitly configure spring.jpa.open-in-view to disable this warning
2025-08-17 21:17:51 [main] INFO  [] o.s.b.a.h.H2ConsoleAutoConfiguration - H2 console available at '/h2-console'. Database available at 'jdbc:h2:mem:testdb'
2025-08-17 21:17:52 [main] INFO  [] c.p.r.i.RecipeManagementIntegrationTest - Started RecipeManagementIntegrationTest in 11.859 seconds (process running for 21.054)
2025-08-17 21:17:52 [main] INFO  [] o.s.b.t.m.w.SpringBootMockServletContext - Initializing Spring TestDispatcherServlet ''
2025-08-17 21:17:52 [main] INFO  [] o.s.t.w.s.TestDispatcherServlet - Initializing Servlet ''
2025-08-17 21:17:52 [main] INFO  [] o.s.t.w.s.TestDispatcherServlet - Completed initialization in 2 ms
]]></system-out>
  </testcase>
  <testcase name="searchRecipes_WithoutQuery_ReturnsAllRecipes" classname="com.publicis.recipes.integration.RecipeManagementIntegrationTest" time="0.306">
    <failure message="No value at JSON path &quot;$.totalElements&quot;" type="java.lang.AssertionError"><![CDATA[java.lang.AssertionError: No value at JSON path "$.totalElements"
	at org.springframework.test.util.JsonPathExpectationsHelper.evaluateJsonPath(JsonPathExpectationsHelper.java:302)
	at org.springframework.test.util.JsonPathExpectationsHelper.assertValue(JsonPathExpectationsHelper.java:99)
	at org.springframework.test.web.servlet.result.JsonPathResultMatchers.lambda$value$2(JsonPathResultMatchers.java:111)
	at org.springframework.test.web.servlet.MockMvc$1.andExpect(MockMvc.java:214)
	at com.publicis.recipes.integration.RecipeManagementIntegrationTest.searchRecipes_WithoutQuery_ReturnsAllRecipes(RecipeManagementIntegrationTest.java:105)
	at java.base/java.lang.reflect.Method.invoke(Method.java:568)
	at java.base/java.util.ArrayList.forEach(ArrayList.java:1511)
	at java.base/java.util.ArrayList.forEach(ArrayList.java:1511)
Caused by: com.jayway.jsonpath.PathNotFoundException: No results for path: $['totalElements']
]]></failure>
    <system-out><![CDATA[2025-08-17 21:17:53 [main] INFO  [] o.s.b.t.m.w.SpringBootMockServletContext - Initializing Spring TestDispatcherServlet ''
2025-08-17 21:17:53 [main] INFO  [] o.s.t.w.s.TestDispatcherServlet - Initializing Servlet ''
2025-08-17 21:17:53 [main] INFO  [] o.s.t.w.s.TestDispatcherServlet - Completed initialization in 2 ms
2025-08-17 21:17:53 [main] INFO  [] c.p.r.controller.RecipeController - Search request - query: 'null', page: 0, size: 10, sort: name asc
2025-08-17 21:17:53 [main] INFO  [] c.p.r.controller.RecipeController - Search completed - found 3 recipes out of 3 total
]]></system-out>
  </testcase>
  <testcase name="getRecipesByCuisine_ExistingCuisine_ReturnsRecipes" classname="com.publicis.recipes.integration.RecipeManagementIntegrationTest" time="0.082">
    <failure message="No value at JSON path &quot;$.content[0].title&quot;" type="java.lang.AssertionError"><![CDATA[java.lang.AssertionError: No value at JSON path "$.content[0].title"
	at org.springframework.test.util.JsonPathExpectationsHelper.evaluateJsonPath(JsonPathExpectationsHelper.java:302)
	at org.springframework.test.util.JsonPathExpectationsHelper.assertValue(JsonPathExpectationsHelper.java:99)
	at org.springframework.test.web.servlet.result.JsonPathResultMatchers.lambda$value$2(JsonPathResultMatchers.java:111)
	at org.springframework.test.web.servlet.MockMvc$1.andExpect(MockMvc.java:214)
	at com.publicis.recipes.integration.RecipeManagementIntegrationTest.getRecipesByCuisine_ExistingCuisine_ReturnsRecipes(RecipeManagementIntegrationTest.java:153)
	at java.base/java.lang.reflect.Method.invoke(Method.java:568)
	at java.base/java.util.ArrayList.forEach(ArrayList.java:1511)
	at java.base/java.util.ArrayList.forEach(ArrayList.java:1511)
Caused by: com.jayway.jsonpath.PathNotFoundException: No results for path: $['content'][0]['title']
]]></failure>
    <system-out><![CDATA[2025-08-17 21:17:53 [main] INFO  [] o.s.b.t.m.w.SpringBootMockServletContext - Initializing Spring TestDispatcherServlet ''
2025-08-17 21:17:53 [main] INFO  [] o.s.t.w.s.TestDispatcherServlet - Initializing Servlet ''
2025-08-17 21:17:53 [main] INFO  [] o.s.t.w.s.TestDispatcherServlet - Completed initialization in 1 ms
2025-08-17 21:17:53 [main] INFO  [] c.p.r.controller.RecipeController - Get recipes by cuisine request - cuisine: 'Italian', page: 0, size: 10
2025-08-17 21:17:53 [main] INFO  [] c.p.r.controller.RecipeController - Found 1 recipes for cuisine: 'Italian'
]]></system-out>
  </testcase>
  <testcase name="getRecipeStatistics_ReturnsCorrectStatistics" classname="com.publicis.recipes.integration.RecipeManagementIntegrationTest" time="0.086">
    <failure message="No value at JSON path &quot;$.totalCuisines&quot;" type="java.lang.AssertionError"><![CDATA[java.lang.AssertionError: No value at JSON path "$.totalCuisines"
	at org.springframework.test.util.JsonPathExpectationsHelper.evaluateJsonPath(JsonPathExpectationsHelper.java:302)
	at org.springframework.test.util.JsonPathExpectationsHelper.assertValue(JsonPathExpectationsHelper.java:99)
	at org.springframework.test.web.servlet.result.JsonPathResultMatchers.lambda$value$2(JsonPathResultMatchers.java:111)
	at org.springframework.test.web.servlet.MockMvc$1.andExpect(MockMvc.java:214)
	at com.publicis.recipes.integration.RecipeManagementIntegrationTest.getRecipeStatistics_ReturnsCorrectStatistics(RecipeManagementIntegrationTest.java:197)
	at java.base/java.lang.reflect.Method.invoke(Method.java:568)
	at java.base/java.util.ArrayList.forEach(ArrayList.java:1511)
	at java.base/java.util.ArrayList.forEach(ArrayList.java:1511)
Caused by: com.jayway.jsonpath.PathNotFoundException: No results for path: $['totalCuisines']
]]></failure>
    <system-out><![CDATA[2025-08-17 21:17:53 [main] INFO  [] o.s.b.t.m.w.SpringBootMockServletContext - Initializing Spring TestDispatcherServlet ''
2025-08-17 21:17:53 [main] INFO  [] o.s.t.w.s.TestDispatcherServlet - Initializing Servlet ''
2025-08-17 21:17:53 [main] INFO  [] o.s.t.w.s.TestDispatcherServlet - Completed initialization in 2 ms
]]></system-out>
  </testcase>
  <testcase name="getRecipeById_ExistingId_ReturnsRecipe" classname="com.publicis.recipes.integration.RecipeManagementIntegrationTest" time="0.08">
    <system-out><![CDATA[2025-08-17 21:17:53 [main] INFO  [] o.s.b.t.m.w.SpringBootMockServletContext - Initializing Spring TestDispatcherServlet ''
2025-08-17 21:17:53 [main] INFO  [] o.s.t.w.s.TestDispatcherServlet - Initializing Servlet ''
2025-08-17 21:17:53 [main] INFO  [] o.s.t.w.s.TestDispatcherServlet - Completed initialization in 4 ms
2025-08-17 21:17:53 [main] INFO  [] c.p.r.controller.RecipeController - Get recipe request for ID: 13
2025-08-17 21:17:53 [main] INFO  [] c.p.r.controller.RecipeController - Recipe found: Spaghetti Carbonara
]]></system-out>
  </testcase>
  <testcase name="endToEndWorkflow_SearchAndRetrieveRecipe" classname="com.publicis.recipes.integration.RecipeManagementIntegrationTest" time="0.078">
    <failure message="JSON path &quot;$.content.length()&quot; expected:&lt;1&gt; but was:&lt;0&gt;" type="java.lang.AssertionError"><![CDATA[java.lang.AssertionError: JSON path "$.content.length()" expected:<1> but was:<0>
	at org.springframework.test.util.AssertionErrors.fail(AssertionErrors.java:59)
	at org.springframework.test.util.AssertionErrors.assertEquals(AssertionErrors.java:122)
	at org.springframework.test.util.JsonPathExpectationsHelper.assertValue(JsonPathExpectationsHelper.java:123)
	at org.springframework.test.web.servlet.result.JsonPathResultMatchers.lambda$value$2(JsonPathResultMatchers.java:111)
	at org.springframework.test.web.servlet.MockMvc$1.andExpect(MockMvc.java:214)
	at com.publicis.recipes.integration.RecipeManagementIntegrationTest.endToEndWorkflow_SearchAndRetrieveRecipe(RecipeManagementIntegrationTest.java:284)
	at java.base/java.lang.reflect.Method.invoke(Method.java:568)
	at java.base/java.util.ArrayList.forEach(ArrayList.java:1511)
	at java.base/java.util.ArrayList.forEach(ArrayList.java:1511)
]]></failure>
    <system-out><![CDATA[2025-08-17 21:17:53 [main] INFO  [] o.s.b.t.m.w.SpringBootMockServletContext - Initializing Spring TestDispatcherServlet ''
2025-08-17 21:17:53 [main] INFO  [] o.s.t.w.s.TestDispatcherServlet - Initializing Servlet ''
2025-08-17 21:17:53 [main] INFO  [] o.s.t.w.s.TestDispatcherServlet - Completed initialization in 2 ms
2025-08-17 21:17:53 [main] INFO  [] c.p.r.controller.RecipeController - Search request - query: 'pasta', page: 0, size: 20, sort: name asc
2025-08-17 21:17:53 [main] INFO  [] c.p.r.controller.RecipeController - Search completed - found 0 recipes out of 0 total
]]></system-out>
  </testcase>
  <testcase name="searchRecipes_WithInvalidParameters_HandlesGracefully" classname="com.publicis.recipes.integration.RecipeManagementIntegrationTest" time="0.077">
    <failure message="Status expected:&lt;200&gt; but was:&lt;400&gt;" type="java.lang.AssertionError"><![CDATA[java.lang.AssertionError: Status expected:<200> but was:<400>
	at org.springframework.test.util.AssertionErrors.fail(AssertionErrors.java:59)
	at org.springframework.test.util.AssertionErrors.assertEquals(AssertionErrors.java:122)
	at org.springframework.test.web.servlet.result.StatusResultMatchers.lambda$matcher$9(StatusResultMatchers.java:637)
	at org.springframework.test.web.servlet.MockMvc$1.andExpect(MockMvc.java:214)
	at com.publicis.recipes.integration.RecipeManagementIntegrationTest.searchRecipes_WithInvalidParameters_HandlesGracefully(RecipeManagementIntegrationTest.java:258)
	at java.base/java.lang.reflect.Method.invoke(Method.java:568)
	at java.base/java.util.ArrayList.forEach(ArrayList.java:1511)
	at java.base/java.util.ArrayList.forEach(ArrayList.java:1511)
]]></failure>
    <system-out><![CDATA[2025-08-17 21:17:53 [main] INFO  [] o.s.b.t.m.w.SpringBootMockServletContext - Initializing Spring TestDispatcherServlet ''
2025-08-17 21:17:53 [main] INFO  [] o.s.t.w.s.TestDispatcherServlet - Initializing Servlet ''
2025-08-17 21:17:53 [main] INFO  [] o.s.t.w.s.TestDispatcherServlet - Completed initialization in 1 ms
2025-08-17 21:17:53 [main] WARN  [] c.p.r.e.GlobalExceptionHandler - Constraint violation: searchRecipes.size: must be greater than or equal to 1, searchRecipes.page: must be greater than or equal to 0
]]></system-out>
  </testcase>
  <testcase name="getRecipeById_WithInvalidId_ReturnsBadRequest" classname="com.publicis.recipes.integration.RecipeManagementIntegrationTest" time="0.054">
    <system-out><![CDATA[2025-08-17 21:17:53 [main] INFO  [] o.s.b.t.m.w.SpringBootMockServletContext - Initializing Spring TestDispatcherServlet ''
2025-08-17 21:17:53 [main] INFO  [] o.s.t.w.s.TestDispatcherServlet - Initializing Servlet ''
2025-08-17 21:17:53 [main] INFO  [] o.s.t.w.s.TestDispatcherServlet - Completed initialization in 1 ms
2025-08-17 21:17:53 [main] WARN  [] c.p.r.e.GlobalExceptionHandler - Method argument type mismatch: Failed to convert value of type 'java.lang.String' to required type 'java.lang.Long'; For input string: "invalid"
]]></system-out>
  </testcase>
  <testcase name="getRecipeSuggestions_ReturnsRandomRecipes" classname="com.publicis.recipes.integration.RecipeManagementIntegrationTest" time="0.109">
    <failure message="Status expected:&lt;200&gt; but was:&lt;400&gt;" type="java.lang.AssertionError"><![CDATA[java.lang.AssertionError: Status expected:<200> but was:<400>
	at org.springframework.test.util.AssertionErrors.fail(AssertionErrors.java:59)
	at org.springframework.test.util.AssertionErrors.assertEquals(AssertionErrors.java:122)
	at org.springframework.test.web.servlet.result.StatusResultMatchers.lambda$matcher$9(StatusResultMatchers.java:637)
	at org.springframework.test.web.servlet.MockMvc$1.andExpect(MockMvc.java:214)
	at com.publicis.recipes.integration.RecipeManagementIntegrationTest.getRecipeSuggestions_ReturnsRandomRecipes(RecipeManagementIntegrationTest.java:184)
	at java.base/java.lang.reflect.Method.invoke(Method.java:568)
	at java.base/java.util.ArrayList.forEach(ArrayList.java:1511)
	at java.base/java.util.ArrayList.forEach(ArrayList.java:1511)
]]></failure>
    <system-out><![CDATA[2025-08-17 21:17:53 [main] INFO  [] o.s.b.t.m.w.SpringBootMockServletContext - Initializing Spring TestDispatcherServlet ''
2025-08-17 21:17:53 [main] INFO  [] o.s.t.w.s.TestDispatcherServlet - Initializing Servlet ''
2025-08-17 21:17:53 [main] INFO  [] o.s.t.w.s.TestDispatcherServlet - Completed initialization in 55 ms
2025-08-17 21:17:53 [main] WARN  [] c.p.r.e.GlobalExceptionHandler - Missing request parameter: Required request parameter 'q' for method parameter type String is not present
]]></system-out>
  </testcase>
  <testcase name="searchRecipes_WithPagination_ReturnsPagedResults" classname="com.publicis.recipes.integration.RecipeManagementIntegrationTest" time="0.041">
    <failure message="No value at JSON path &quot;$.totalElements&quot;" type="java.lang.AssertionError"><![CDATA[java.lang.AssertionError: No value at JSON path "$.totalElements"
	at org.springframework.test.util.JsonPathExpectationsHelper.evaluateJsonPath(JsonPathExpectationsHelper.java:302)
	at org.springframework.test.util.JsonPathExpectationsHelper.assertValue(JsonPathExpectationsHelper.java:99)
	at org.springframework.test.web.servlet.result.JsonPathResultMatchers.lambda$value$2(JsonPathResultMatchers.java:111)
	at org.springframework.test.web.servlet.MockMvc$1.andExpect(MockMvc.java:214)
	at com.publicis.recipes.integration.RecipeManagementIntegrationTest.searchRecipes_WithPagination_ReturnsPagedResults(RecipeManagementIntegrationTest.java:232)
	at java.base/java.lang.reflect.Method.invoke(Method.java:568)
	at java.base/java.util.ArrayList.forEach(ArrayList.java:1511)
	at java.base/java.util.ArrayList.forEach(ArrayList.java:1511)
Caused by: com.jayway.jsonpath.PathNotFoundException: No results for path: $['totalElements']
]]></failure>
    <system-out><![CDATA[2025-08-17 21:17:53 [main] INFO  [] o.s.b.t.m.w.SpringBootMockServletContext - Initializing Spring TestDispatcherServlet ''
2025-08-17 21:17:53 [main] INFO  [] o.s.t.w.s.TestDispatcherServlet - Initializing Servlet ''
2025-08-17 21:17:53 [main] INFO  [] o.s.t.w.s.TestDispatcherServlet - Completed initialization in 2 ms
2025-08-17 21:17:53 [main] INFO  [] c.p.r.controller.RecipeController - Search request - query: 'null', page: 0, size: 2, sort: name asc
2025-08-17 21:17:53 [main] INFO  [] c.p.r.controller.RecipeController - Search completed - found 2 recipes out of 3 total
]]></system-out>
  </testcase>
  <testcase name="getTopRatedRecipes_ReturnsHighRatedRecipes" classname="com.publicis.recipes.integration.RecipeManagementIntegrationTest" time="0.051">
    <failure message="No value at JSON path &quot;$.content[0].title&quot;" type="java.lang.AssertionError"><![CDATA[java.lang.AssertionError: No value at JSON path "$.content[0].title"
	at org.springframework.test.util.JsonPathExpectationsHelper.evaluateJsonPath(JsonPathExpectationsHelper.java:302)
	at org.springframework.test.util.JsonPathExpectationsHelper.assertValue(JsonPathExpectationsHelper.java:99)
	at org.springframework.test.web.servlet.result.JsonPathResultMatchers.lambda$value$2(JsonPathResultMatchers.java:111)
	at org.springframework.test.web.servlet.MockMvc$1.andExpect(MockMvc.java:214)
	at com.publicis.recipes.integration.RecipeManagementIntegrationTest.getTopRatedRecipes_ReturnsHighRatedRecipes(RecipeManagementIntegrationTest.java:178)
	at java.base/java.lang.reflect.Method.invoke(Method.java:568)
	at java.base/java.util.ArrayList.forEach(ArrayList.java:1511)
	at java.base/java.util.ArrayList.forEach(ArrayList.java:1511)
Caused by: com.jayway.jsonpath.PathNotFoundException: No results for path: $['content'][0]['title']
]]></failure>
    <system-out><![CDATA[2025-08-17 21:17:53 [main] INFO  [] o.s.b.t.m.w.SpringBootMockServletContext - Initializing Spring TestDispatcherServlet ''
2025-08-17 21:17:53 [main] INFO  [] o.s.t.w.s.TestDispatcherServlet - Initializing Servlet ''
2025-08-17 21:17:53 [main] INFO  [] o.s.t.w.s.TestDispatcherServlet - Completed initialization in 1 ms
2025-08-17 21:17:53 [main] INFO  [] c.p.r.controller.RecipeController - Get top-rated recipes request - page: 0, size: 10
2025-08-17 21:17:53 [main] INFO  [] c.p.r.controller.RecipeController - Retrieved 3 top-rated recipes
]]></system-out>
  </testcase>
  <testcase name="getRecipeById_NonExistingId_ReturnsNotFound" classname="com.publicis.recipes.integration.RecipeManagementIntegrationTest" time="0.033">
    <failure message="Content type not set" type="java.lang.AssertionError"><![CDATA[java.lang.AssertionError: Content type not set
	at org.springframework.test.util.AssertionErrors.fail(AssertionErrors.java:37)
	at org.springframework.test.util.AssertionErrors.assertTrue(AssertionErrors.java:70)
	at org.springframework.test.util.AssertionErrors.assertNotNull(AssertionErrors.java:106)
	at org.springframework.test.web.servlet.result.ContentResultMatchers.lambda$contentType$0(ContentResultMatchers.java:85)
	at org.springframework.test.web.servlet.MockMvc$1.andExpect(MockMvc.java:214)
	at com.publicis.recipes.integration.RecipeManagementIntegrationTest.getRecipeById_NonExistingId_ReturnsNotFound(RecipeManagementIntegrationTest.java:138)
	at java.base/java.lang.reflect.Method.invoke(Method.java:568)
	at java.base/java.util.ArrayList.forEach(ArrayList.java:1511)
	at java.base/java.util.ArrayList.forEach(ArrayList.java:1511)
]]></failure>
    <system-out><![CDATA[2025-08-17 21:17:54 [main] INFO  [] o.s.b.t.m.w.SpringBootMockServletContext - Initializing Spring TestDispatcherServlet ''
2025-08-17 21:17:54 [main] INFO  [] o.s.t.w.s.TestDispatcherServlet - Initializing Servlet ''
2025-08-17 21:17:54 [main] INFO  [] o.s.t.w.s.TestDispatcherServlet - Completed initialization in 1 ms
2025-08-17 21:17:54 [main] INFO  [] c.p.r.controller.RecipeController - Get recipe request for ID: 999
2025-08-17 21:17:54 [main] INFO  [] c.p.r.controller.RecipeController - Recipe not found with ID: 999
]]></system-out>
  </testcase>
  <testcase name="searchRecipes_SecondPage_ReturnsRemainingResults" classname="com.publicis.recipes.integration.RecipeManagementIntegrationTest" time="0.037">
    <failure message="No value at JSON path &quot;$.totalElements&quot;" type="java.lang.AssertionError"><![CDATA[java.lang.AssertionError: No value at JSON path "$.totalElements"
	at org.springframework.test.util.JsonPathExpectationsHelper.evaluateJsonPath(JsonPathExpectationsHelper.java:302)
	at org.springframework.test.util.JsonPathExpectationsHelper.assertValue(JsonPathExpectationsHelper.java:99)
	at org.springframework.test.web.servlet.result.JsonPathResultMatchers.lambda$value$2(JsonPathResultMatchers.java:111)
	at org.springframework.test.web.servlet.MockMvc$1.andExpect(MockMvc.java:214)
	at com.publicis.recipes.integration.RecipeManagementIntegrationTest.searchRecipes_SecondPage_ReturnsRemainingResults(RecipeManagementIntegrationTest.java:247)
	at java.base/java.lang.reflect.Method.invoke(Method.java:568)
	at java.base/java.util.ArrayList.forEach(ArrayList.java:1511)
	at java.base/java.util.ArrayList.forEach(ArrayList.java:1511)
Caused by: com.jayway.jsonpath.PathNotFoundException: No results for path: $['totalElements']
]]></failure>
    <system-out><![CDATA[2025-08-17 21:17:54 [main] INFO  [] o.s.b.t.m.w.SpringBootMockServletContext - Initializing Spring TestDispatcherServlet ''
2025-08-17 21:17:54 [main] INFO  [] o.s.t.w.s.TestDispatcherServlet - Initializing Servlet ''
2025-08-17 21:17:54 [main] INFO  [] o.s.t.w.s.TestDispatcherServlet - Completed initialization in 1 ms
2025-08-17 21:17:54 [main] INFO  [] c.p.r.controller.RecipeController - Search request - query: 'null', page: 1, size: 2, sort: name asc
2025-08-17 21:17:54 [main] INFO  [] c.p.r.controller.RecipeController - Search completed - found 1 recipes out of 3 total
]]></system-out>
  </testcase>
  <testcase name="getLoadingStatus_WithExistingData_ReturnsLoadedStatus" classname="com.publicis.recipes.integration.RecipeManagementIntegrationTest" time="0.032">
    <failure message="No value at JSON path &quot;$.dataLoaded&quot;" type="java.lang.AssertionError"><![CDATA[java.lang.AssertionError: No value at JSON path "$.dataLoaded"
	at org.springframework.test.util.JsonPathExpectationsHelper.evaluateJsonPath(JsonPathExpectationsHelper.java:302)
	at org.springframework.test.util.JsonPathExpectationsHelper.assertValue(JsonPathExpectationsHelper.java:99)
	at org.springframework.test.web.servlet.result.JsonPathResultMatchers.lambda$value$2(JsonPathResultMatchers.java:111)
	at org.springframework.test.web.servlet.MockMvc$1.andExpect(MockMvc.java:214)
	at com.publicis.recipes.integration.RecipeManagementIntegrationTest.getLoadingStatus_WithExistingData_ReturnsLoadedStatus(RecipeManagementIntegrationTest.java:218)
	at java.base/java.lang.reflect.Method.invoke(Method.java:568)
	at java.base/java.util.ArrayList.forEach(ArrayList.java:1511)
	at java.base/java.util.ArrayList.forEach(ArrayList.java:1511)
Caused by: com.jayway.jsonpath.PathNotFoundException: No results for path: $['dataLoaded']
]]></failure>
    <system-out><![CDATA[2025-08-17 21:17:54 [main] INFO  [] o.s.b.t.m.w.SpringBootMockServletContext - Initializing Spring TestDispatcherServlet ''
2025-08-17 21:17:54 [main] INFO  [] o.s.t.w.s.TestDispatcherServlet - Initializing Servlet ''
2025-08-17 21:17:54 [main] INFO  [] o.s.t.w.s.TestDispatcherServlet - Completed initialization in 0 ms
]]></system-out>
  </testcase>
  <testcase name="loadSampleData_WhenDataExists_ReturnsInfoMessage" classname="com.publicis.recipes.integration.RecipeManagementIntegrationTest" time="0.025">
    <failure message="Status expected:&lt;200&gt; but was:&lt;202&gt;" type="java.lang.AssertionError"><![CDATA[java.lang.AssertionError: Status expected:<200> but was:<202>
	at org.springframework.test.util.AssertionErrors.fail(AssertionErrors.java:59)
	at org.springframework.test.util.AssertionErrors.assertEquals(AssertionErrors.java:122)
	at org.springframework.test.web.servlet.result.StatusResultMatchers.lambda$matcher$9(StatusResultMatchers.java:637)
	at org.springframework.test.web.servlet.MockMvc$1.andExpect(MockMvc.java:214)
	at com.publicis.recipes.integration.RecipeManagementIntegrationTest.loadSampleData_WhenDataExists_ReturnsInfoMessage(RecipeManagementIntegrationTest.java:205)
	at java.base/java.lang.reflect.Method.invoke(Method.java:568)
	at java.base/java.util.ArrayList.forEach(ArrayList.java:1511)
	at java.base/java.util.ArrayList.forEach(ArrayList.java:1511)
]]></failure>
    <system-out><![CDATA[2025-08-17 21:17:54 [main] INFO  [] o.s.b.t.m.w.SpringBootMockServletContext - Initializing Spring TestDispatcherServlet ''
2025-08-17 21:17:54 [main] INFO  [] o.s.t.w.s.TestDispatcherServlet - Initializing Servlet ''
2025-08-17 21:17:54 [main] INFO  [] o.s.t.w.s.TestDispatcherServlet - Completed initialization in 0 ms
2025-08-17 21:17:54 [main] INFO  [] c.p.r.controller.RecipeController - Recipe loading request received
2025-08-17 21:17:54 [main] INFO  [] c.p.r.controller.RecipeController - Recipe loading initiated asynchronously
2025-08-17 21:17:54 [task-1] INFO  [] c.p.r.service.DataLoadingService - Starting recipe data loading from external API
]]></system-out>
  </testcase>
  <testcase name="getRecipesByCuisine_NonExistingCuisine_ReturnsEmptyResults" classname="com.publicis.recipes.integration.RecipeManagementIntegrationTest" time="0.045">
    <failure message="No value at JSON path &quot;$.totalElements&quot;" type="java.lang.AssertionError"><![CDATA[java.lang.AssertionError: No value at JSON path "$.totalElements"
	at org.springframework.test.util.JsonPathExpectationsHelper.evaluateJsonPath(JsonPathExpectationsHelper.java:302)
	at org.springframework.test.util.JsonPathExpectationsHelper.assertValue(JsonPathExpectationsHelper.java:99)
	at org.springframework.test.web.servlet.result.JsonPathResultMatchers.lambda$value$2(JsonPathResultMatchers.java:111)
	at org.springframework.test.web.servlet.MockMvc$1.andExpect(MockMvc.java:214)
	at com.publicis.recipes.integration.RecipeManagementIntegrationTest.getRecipesByCuisine_NonExistingCuisine_ReturnsEmptyResults(RecipeManagementIntegrationTest.java:165)
	at java.base/java.lang.reflect.Method.invoke(Method.java:568)
	at java.base/java.util.ArrayList.forEach(ArrayList.java:1511)
	at java.base/java.util.ArrayList.forEach(ArrayList.java:1511)
Caused by: com.jayway.jsonpath.PathNotFoundException: No results for path: $['totalElements']
]]></failure>
    <system-out><![CDATA[2025-08-17 21:17:54 [main] INFO  [] o.s.b.t.m.w.SpringBootMockServletContext - Initializing Spring TestDispatcherServlet ''
2025-08-17 21:17:54 [main] INFO  [] o.s.t.w.s.TestDispatcherServlet - Initializing Servlet ''
2025-08-17 21:17:54 [main] INFO  [] o.s.t.w.s.TestDispatcherServlet - Completed initialization in 2 ms
2025-08-17 21:17:54 [main] INFO  [] c.p.r.controller.RecipeController - Get recipes by cuisine request - cuisine: 'French', page: 0, size: 10
2025-08-17 21:17:54 [main] INFO  [] c.p.r.controller.RecipeController - Found 0 recipes for cuisine: 'French'
]]></system-out>
  </testcase>
  <testcase name="searchRecipes_WithQuery_ReturnsFilteredResults" classname="com.publicis.recipes.integration.RecipeManagementIntegrationTest" time="0.036">
    <failure message="No value at JSON path &quot;$.content[0].title&quot;" type="java.lang.AssertionError"><![CDATA[java.lang.AssertionError: No value at JSON path "$.content[0].title"
	at org.springframework.test.util.JsonPathExpectationsHelper.evaluateJsonPath(JsonPathExpectationsHelper.java:302)
	at org.springframework.test.util.JsonPathExpectationsHelper.assertValue(JsonPathExpectationsHelper.java:99)
	at org.springframework.test.web.servlet.result.JsonPathResultMatchers.lambda$value$2(JsonPathResultMatchers.java:111)
	at org.springframework.test.web.servlet.MockMvc$1.andExpect(MockMvc.java:214)
	at com.publicis.recipes.integration.RecipeManagementIntegrationTest.searchRecipes_WithQuery_ReturnsFilteredResults(RecipeManagementIntegrationTest.java:119)
	at java.base/java.lang.reflect.Method.invoke(Method.java:568)
	at java.base/java.util.ArrayList.forEach(ArrayList.java:1511)
	at java.base/java.util.ArrayList.forEach(ArrayList.java:1511)
Caused by: com.jayway.jsonpath.PathNotFoundException: No results for path: $['content'][0]['title']
]]></failure>
    <system-out><![CDATA[2025-08-17 21:17:54 [main] INFO  [] o.s.b.t.m.w.SpringBootMockServletContext - Initializing Spring TestDispatcherServlet ''
2025-08-17 21:17:54 [main] INFO  [] o.s.t.w.s.TestDispatcherServlet - Initializing Servlet ''
2025-08-17 21:17:54 [main] INFO  [] o.s.t.w.s.TestDispatcherServlet - Completed initialization in 1 ms
2025-08-17 21:17:54 [main] INFO  [] c.p.r.controller.RecipeController - Search request - query: 'chicken', page: 0, size: 10, sort: name asc
2025-08-17 21:17:54 [main] INFO  [] c.p.r.controller.RecipeController - Search completed - found 1 recipes out of 1 total
]]></system-out>
  </testcase>
  <testcase name="corsHeaders_AreSetCorrectly" classname="com.publicis.recipes.integration.RecipeManagementIntegrationTest" time="0.052">
    <system-out><![CDATA[2025-08-17 21:17:54 [main] INFO  [] o.s.b.t.m.w.SpringBootMockServletContext - Initializing Spring TestDispatcherServlet ''
2025-08-17 21:17:54 [main] INFO  [] o.s.t.w.s.TestDispatcherServlet - Initializing Servlet ''
2025-08-17 21:17:54 [main] INFO  [] o.s.t.w.s.TestDispatcherServlet - Completed initialization in 1 ms
]]></system-out>
  </testcase>
</testsuite>